<?xml version="1.0" encoding="UTF-8"?>
<!-- Generated by org.testng.reporters.JUnitReportReporter -->
<testsuite hostname="MacBook-Pro-Sabina.local" failures="0" tests="1" name="test.java.AmazonTest" time="4.193" errors="0" timestamp="2025-01-20T12:11:53 ALMT" skipped="0">
  <testcase classname="test.java.AmazonTest" name="searchTest" time="4.193"/>
</testsuite> <!-- test.java.AmazonTest -->
